2023-04-21T01:38:05.355+05:30  WARN 28232 --- [main] ory$DuplicateJsonObjectContextCustomizer : 

Found multiple occurrences of org.json.JSONObject on the class path:

	jar:file:/C:/Users/asus/.m2/repository/org/json/json/20160212/json-20160212.jar!/org/json/JSONObject.class
	jar:file:/C:/Users/asus/.m2/repository/com/vaadin/external/google/android-json/0.0.20131108.vaadin1/android-json-0.0.20131108.vaadin1.jar!/org/json/JSONObject.class

You may wish to exclude one of them to ensure predictable runtime behavior

2023-04-21T01:38:05.435+05:30  INFO 28232 --- [main] c.r.pms.controllerTests.ControllerTests  : Starting ControllerTests using Java 17.0.6 with PID 28232 (started by asus in C:\zServices\with-testing-all-microservices\G1-PhysicianAvailability)
2023-04-21T01:38:05.438+05:30  INFO 28232 --- [main] c.r.pms.controllerTests.ControllerTests  : The following 1 profile is active: "production"
2023-04-21T01:38:05.505+05:30  INFO 28232 --- [main] o.s.c.c.c.ConfigServerConfigDataLoader   : Fetching config from server at : http://localhost:9000
2023-04-21T01:38:05.505+05:30  INFO 28232 --- [main] o.s.c.c.c.ConfigServerConfigDataLoader   : Connect Timeout Exception on Url - http://localhost:9000. Will try the next url if available
2023-04-21T01:38:05.505+05:30  WARN 28232 --- [main] o.s.c.c.c.ConfigServerConfigDataLoader   : Could not locate PropertySource ([ConfigServerConfigDataResource@af3295f uris = array<String>['http://localhost:9000'], optional = true, profiles = list['production']]): I/O error on GET request for "http://localhost:9000/g1-physician-availability-service/production": Connection refused: no further information
2023-04-21T01:38:10.725+05:30  INFO 28232 --- [main] o.s.b.t.m.w.SpringBootMockServletContext : Initializing Spring TestDispatcherServlet ''
2023-04-21T01:38:10.725+05:30  INFO 28232 --- [main] o.s.t.web.servlet.TestDispatcherServlet  : Initializing Servlet ''
2023-04-21T01:38:10.740+05:30  INFO 28232 --- [main] o.s.t.web.servlet.TestDispatcherServlet  : Completed initialization in 10 ms
2023-04-21T01:38:10.802+05:30  INFO 28232 --- [main] c.r.pms.controllerTests.ControllerTests  : Started ControllerTests in 8.45 seconds (process running for 11.834)
2023-04-21T01:38:11.589+05:30  INFO 28232 --- [main] t.c.s.AnnotationConfigContextLoaderUtils : Could not detect default configuration classes for test class [com.revature.pms.serviceImplTest.ServiceImplTest]: ServiceImplTest does not declare any static, non-private, non-final, nested classes annotated with @Configuration.
2023-04-21T01:38:11.601+05:30  INFO 28232 --- [main] .b.t.c.SpringBootTestContextBootstrapper : Found @SpringBootConfiguration com.revature.pms.G1PhysicianAvailability for test class com.revature.pms.serviceImplTest.ServiceImplTest
2023-04-21T01:38:11.931+05:30  WARN 28232 --- [main] ory$DuplicateJsonObjectContextCustomizer : 

Found multiple occurrences of org.json.JSONObject on the class path:

	jar:file:/C:/Users/asus/.m2/repository/org/json/json/20160212/json-20160212.jar!/org/json/JSONObject.class
	jar:file:/C:/Users/asus/.m2/repository/com/vaadin/external/google/android-json/0.0.20131108.vaadin1/android-json-0.0.20131108.vaadin1.jar!/org/json/JSONObject.class

You may wish to exclude one of them to ensure predictable runtime behavior

2023-04-21T01:38:11.939+05:30  INFO 28232 --- [main] c.r.pms.serviceImplTest.ServiceImplTest  : Starting ServiceImplTest using Java 17.0.6 with PID 28232 (started by asus in C:\zServices\with-testing-all-microservices\G1-PhysicianAvailability)
2023-04-21T01:38:11.939+05:30  INFO 28232 --- [main] c.r.pms.serviceImplTest.ServiceImplTest  : The following 1 profile is active: "production"
2023-04-21T01:38:11.944+05:30  INFO 28232 --- [main] o.s.c.c.c.ConfigServerConfigDataLoader   : Fetching config from server at : http://localhost:9000
2023-04-21T01:38:11.944+05:30  INFO 28232 --- [main] o.s.c.c.c.ConfigServerConfigDataLoader   : Connect Timeout Exception on Url - http://localhost:9000. Will try the next url if available
2023-04-21T01:38:11.944+05:30  WARN 28232 --- [main] o.s.c.c.c.ConfigServerConfigDataLoader   : Could not locate PropertySource ([ConfigServerConfigDataResource@2b749404 uris = array<String>['http://localhost:9000'], optional = true, profiles = list['production']]): I/O error on GET request for "http://localhost:9000/g1-physician-availability-service/production": Connection refused: no further information
2023-04-21T01:38:13.722+05:30  INFO 28232 --- [main] .s.d.r.c.RepositoryConfigurationDelegate : Bootstrapping Spring Data JPA repositories in DEFAULT mode.
2023-04-21T01:38:13.858+05:30  INFO 28232 --- [main] .s.d.r.c.RepositoryConfigurationDelegate : Finished Spring Data repository scanning in 110 ms. Found 1 JPA repository interfaces.
2023-04-21T01:38:14.264+05:30  INFO 28232 --- [main] o.s.cloud.context.scope.GenericScope     : BeanFactory id=7a700e94-10ad-310f-bacd-50ef6ea5ff0b
2023-04-21T01:38:16.536+05:30  INFO 28232 --- [main] com.zaxxer.hikari.HikariDataSource       : HikariPool-1 - Starting...
2023-04-21T01:38:21.614+05:30  INFO 28232 --- [main] com.zaxxer.hikari.pool.HikariPool        : HikariPool-1 - Added connection com.mysql.cj.jdbc.ConnectionImpl@4883c638
2023-04-21T01:38:21.617+05:30  INFO 28232 --- [main] com.zaxxer.hikari.HikariDataSource       : HikariPool-1 - Start completed.
2023-04-21T01:38:22.346+05:30  INFO 28232 --- [main] SQL dialect                              : HHH000400: Using dialect: org.hibernate.dialect.MySQLDialect
2023-04-21T01:38:25.110+05:30  INFO 28232 --- [main] j.LocalContainerEntityManagerFactoryBean : Initialized JPA EntityManagerFactory for persistence unit 'default'
2023-04-21T01:38:26.393+05:30  WARN 28232 --- [main] JpaBaseConfiguration$JpaWebConfiguration : spring.jpa.open-in-view is enabled by default. Therefore, database queries may be performed during view rendering. Explicitly configure spring.jpa.open-in-view to disable this warning
2023-04-21T01:38:30.746+05:30  WARN 28232 --- [main] iguration$LoadBalancerCaffeineWarnLogger : Spring Cloud LoadBalancer is currently working with the default cache. While this cache implementation is useful for development and tests, it's recommended to use Caffeine cache in production.You can switch to using Caffeine cache, by adding it and org.springframework.cache.caffeine.CaffeineCacheManager to the classpath.
2023-04-21T01:38:30.772+05:30  INFO 28232 --- [main] o.s.b.a.e.web.EndpointLinksResolver      : Exposing 18 endpoint(s) beneath base path '/actuator'
2023-04-21T01:38:30.978+05:30  INFO 28232 --- [main] c.r.pms.serviceImplTest.ServiceImplTest  : Started ServiceImplTest in 19.355 seconds (process running for 32.009)
2023-04-21T01:38:31.139+05:30  INFO 28232 --- [main] com.revature.pms.loggers.Logging         : method invokeclass com.revature.pms.service.PhysicianAvailabiltiyService:getPhysicianByEmail()arguments : ["sam@gmail.com"]
2023-04-21T01:38:31.144+05:30  INFO 28232 --- [main] com.revature.pms.loggers.Logging         : class com.revature.pms.service.PhysicianAvailabiltiyService:getPhysicianByEmail()Response : {"email":"sam@gmail.com","physicianName":"sam","startDate":"8/04/2023","endDate":"13/04/2023","speciality":"nureology","role":"physician","available":true}
2023-04-21T01:38:31.161+05:30  INFO 28232 --- [main] com.revature.pms.loggers.Logging         : method invokeclass com.revature.pms.service.PhysicianAvailabiltiyService:addPhysician()arguments : [[{"email":"sam@gmail.com","physicianName":"sam","startDate":"7/04/2023","endDate":"12/04/2023","speciality":"nureology","role":"physician","available":true}]]
2023-04-21T01:38:31.161+05:30  INFO 28232 --- [main] com.revature.pms.loggers.Logging         : class com.revature.pms.service.PhysicianAvailabiltiyService:addPhysician()Response : [{"email":"sam@gmail.com","physicianName":"sam","startDate":"7/04/2023","endDate":"12/04/2023","speciality":"nureology","role":"physician","available":true}]
2023-04-21T01:38:31.181+05:30  INFO 28232 --- [main] com.revature.pms.loggers.Logging         : method invokeclass com.revature.pms.service.PhysicianAvailabiltiyService:update()arguments : [{"email":"sam@gmail.com","physicianName":"sam","startDate":"8/04/2023","endDate":"13/04/2023","speciality":"nureology","role":"physician","available":true}]
2023-04-21T01:38:31.181+05:30  INFO 28232 --- [main] com.revature.pms.loggers.Logging         : class com.revature.pms.service.PhysicianAvailabiltiyService:update()Response : {"email":"sam@gmail.com","physicianName":"sam","startDate":"8/04/2023","endDate":"13/04/2023","speciality":"nureology","role":"physician","available":true}
2023-04-21T01:38:31.196+05:30  INFO 28232 --- [main] com.revature.pms.loggers.Logging         : method invokeclass com.revature.pms.service.PhysicianAvailabiltiyService:schedulePhysician()arguments : ["8/04/2023","13/04/2023","sam@gmail.com"]
2023-04-21T01:38:31.201+05:30  INFO 28232 --- [main] com.revature.pms.loggers.Logging         : class com.revature.pms.service.PhysicianAvailabiltiyService:schedulePhysician()Response : null
2023-04-21T01:38:31.212+05:30  INFO 28232 --- [main] com.revature.pms.loggers.Logging         : method invokeclass com.revature.pms.service.PhysicianAvailabiltiyService:getPhysicians()arguments : []
2023-04-21T01:38:31.216+05:30  INFO 28232 --- [main] com.revature.pms.loggers.Logging         : class com.revature.pms.service.PhysicianAvailabiltiyService:getPhysicians()Response : [{"email":"sam@gmail.com","physicianName":"sam","startDate":"7/04/2023","endDate":"12/04/2023","speciality":"nureology","role":"physician","available":true}]
2023-04-21T01:38:31.226+05:30  INFO 28232 --- [main] com.revature.pms.loggers.Logging         : method invokeclass com.revature.pms.service.PhysicianAvailabiltiyService:count()arguments : []
2023-04-21T01:38:31.226+05:30  INFO 28232 --- [main] com.revature.pms.loggers.Logging         : class com.revature.pms.service.PhysicianAvailabiltiyService:count()Response : 0
2023-04-21T01:38:31.239+05:30  INFO 28232 --- [main] com.revature.pms.loggers.Logging         : method invokeclass com.revature.pms.service.PhysicianAvailabiltiyService:deletePhysicianAvailabilityById()arguments : ["sam@gmail.com"]
2023-04-21T01:38:31.239+05:30  INFO 28232 --- [main] com.revature.pms.loggers.Logging         : class com.revature.pms.service.PhysicianAvailabiltiyService:deletePhysicianAvailabilityById()Response : "deleted"
2023-04-21T01:38:31.873+05:30  INFO 28232 --- [SpringApplicationShutdownHook] j.LocalContainerEntityManagerFactoryBean : Closing JPA EntityManagerFactory for persistence unit 'default'
2023-04-21T01:38:31.882+05:30  INFO 28232 --- [SpringApplicationShutdownHook] com.zaxxer.hikari.HikariDataSource       : HikariPool-1 - Shutdown initiated...
2023-04-21T01:38:34.806+05:30  INFO 28232 --- [SpringApplicationShutdownHook] com.zaxxer.hikari.HikariDataSource       : HikariPool-1 - Shutdown completed.
2023-04-21T13:43:15.509+05:30  INFO 11500 --- [restartedMain] c.revature.pms.G1PhysicianAvailability   : Starting G1PhysicianAvailability using Java 17.0.6 with PID 11500 (C:\zServices\with-testing-all-microservices\G1-PhysicianAvailability\target\classes started by asus in C:\zServices\with-testing-all-microservices\G1-PhysicianAvailability)
2023-04-21T13:43:15.511+05:30  INFO 11500 --- [restartedMain] c.revature.pms.G1PhysicianAvailability   : The following 1 profile is active: "production"
2023-04-21T13:43:15.546+05:30  INFO 11500 --- [restartedMain] o.s.c.c.c.ConfigServerConfigDataLoader   : Fetching config from server at : http://localhost:9000
2023-04-21T13:43:15.546+05:30  INFO 11500 --- [restartedMain] o.s.c.c.c.ConfigServerConfigDataLoader   : Connect Timeout Exception on Url - http://localhost:9000. Will try the next url if available
2023-04-21T13:43:15.546+05:30  WARN 11500 --- [restartedMain] o.s.c.c.c.ConfigServerConfigDataLoader   : Could not locate PropertySource ([ConfigServerConfigDataResource@5c87aab5 uris = array<String>['http://localhost:9000'], optional = true, profiles = list['production']]): I/O error on GET request for "http://localhost:9000/g1-physician-availability-service/production": Connection refused: no further information
2023-04-21T13:43:15.548+05:30  INFO 11500 --- [restartedMain] .e.DevToolsPropertyDefaultsPostProcessor : For additional web related logging consider setting the 'logging.level.web' property to 'DEBUG'
2023-04-21T13:43:16.297+05:30  INFO 11500 --- [restartedMain] .s.d.r.c.RepositoryConfigurationDelegate : Bootstrapping Spring Data JPA repositories in DEFAULT mode.
2023-04-21T13:43:16.398+05:30  INFO 11500 --- [restartedMain] .s.d.r.c.RepositoryConfigurationDelegate : Finished Spring Data repository scanning in 94 ms. Found 1 JPA repository interfaces.
2023-04-21T13:43:16.586+05:30  INFO 11500 --- [restartedMain] o.s.cloud.context.scope.GenericScope     : BeanFactory id=f8844510-711a-37e5-8731-1206f6ef8527
2023-04-21T13:43:17.077+05:30  INFO 11500 --- [restartedMain] o.s.b.w.embedded.tomcat.TomcatWebServer  : Tomcat initialized with port(s): 9005 (http)
2023-04-21T13:43:17.086+05:30  INFO 11500 --- [restartedMain] o.apache.catalina.core.StandardService   : Starting service [Tomcat]
2023-04-21T13:43:17.087+05:30  INFO 11500 --- [restartedMain] o.apache.catalina.core.StandardEngine    : Starting Servlet engine: [Apache Tomcat/10.1.5]
2023-04-21T13:43:17.165+05:30  INFO 11500 --- [restartedMain] o.a.c.c.C.[Tomcat].[localhost].[/]       : Initializing Spring embedded WebApplicationContext
2023-04-21T13:43:17.165+05:30  INFO 11500 --- [restartedMain] w.s.c.ServletWebServerApplicationContext : Root WebApplicationContext: initialization completed in 1617 ms
2023-04-21T13:43:17.652+05:30  INFO 11500 --- [restartedMain] com.zaxxer.hikari.HikariDataSource       : HikariPool-1 - Starting...
2023-04-21T13:43:21.834+05:30  INFO 11500 --- [restartedMain] com.zaxxer.hikari.pool.HikariPool        : HikariPool-1 - Added connection com.mysql.cj.jdbc.ConnectionImpl@3f9dbff2
2023-04-21T13:43:21.837+05:30  INFO 11500 --- [restartedMain] com.zaxxer.hikari.HikariDataSource       : HikariPool-1 - Start completed.
2023-04-21T13:43:22.378+05:30  INFO 11500 --- [restartedMain] SQL dialect                              : HHH000400: Using dialect: org.hibernate.dialect.MySQLDialect
2023-04-21T13:43:23.764+05:30  INFO 11500 --- [restartedMain] j.LocalContainerEntityManagerFactoryBean : Initialized JPA EntityManagerFactory for persistence unit 'default'
2023-04-21T13:43:24.271+05:30  WARN 11500 --- [restartedMain] JpaBaseConfiguration$JpaWebConfiguration : spring.jpa.open-in-view is enabled by default. Therefore, database queries may be performed during view rendering. Explicitly configure spring.jpa.open-in-view to disable this warning
2023-04-21T13:43:25.367+05:30  INFO 11500 --- [restartedMain] o.s.b.d.a.OptionalLiveReloadServer       : LiveReload server is running on port 35729
2023-04-21T13:43:25.494+05:30  WARN 11500 --- [restartedMain] iguration$LoadBalancerCaffeineWarnLogger : Spring Cloud LoadBalancer is currently working with the default cache. While this cache implementation is useful for development and tests, it's recommended to use Caffeine cache in production.You can switch to using Caffeine cache, by adding it and org.springframework.cache.caffeine.CaffeineCacheManager to the classpath.
2023-04-21T13:43:25.500+05:30  INFO 11500 --- [restartedMain] o.s.b.a.e.web.EndpointLinksResolver      : Exposing 19 endpoint(s) beneath base path '/actuator'
2023-04-21T13:43:25.582+05:30  INFO 11500 --- [restartedMain] o.s.b.w.embedded.tomcat.TomcatWebServer  : Tomcat started on port(s): 9005 (http) with context path ''
2023-04-21T13:43:25.584+05:30  INFO 11500 --- [restartedMain] o.s.c.c.s.ConsulServiceRegistry          : Registering service with consul: NewService{id='g1-physician-availability-service-9005', name='g1-physician-availability-service', tags=[], address='http://ec2-52-26-157-158.us-west-2.compute.amazonaws.com', meta={secure=false}, port=9005, enableTagOverride=null, check=Check{script='null', dockerContainerID='null', shell='null', interval='12s', ttl='null', http='http://ec2-52-26-157-158.us-west-2.compute.amazonaws.com9005/actuator/health', method='null', header={}, tcp='null', timeout='null', deregisterCriticalServiceAfter='null', tlsSkipVerify=null, status='null', grpc='null', grpcUseTLS=null}, checks=null}
2023-04-21T13:43:36.368+05:30 ERROR 11500 --- [restartedMain] o.s.c.c.s.ConsulServiceRegistry          : Error registering service with consul: NewService{id='g1-physician-availability-service-9005', name='g1-physician-availability-service', tags=[], address='http://ec2-52-26-157-158.us-west-2.compute.amazonaws.com', meta={secure=false}, port=9005, enableTagOverride=null, check=Check{script='null', dockerContainerID='null', shell='null', interval='12s', ttl='null', http='http://ec2-52-26-157-158.us-west-2.compute.amazonaws.com9005/actuator/health', method='null', header={}, tcp='null', timeout='null', deregisterCriticalServiceAfter='null', tlsSkipVerify=null, status='null', grpc='null', grpcUseTLS=null}, checks=null}

com.ecwid.consul.transport.TransportException: org.apache.http.conn.ConnectTimeoutException: Connect to ec2-52-26-157-158.us-west-2.compute.amazonaws.com:8500 [ec2-52-26-157-158.us-west-2.compute.amazonaws.com/52.26.157.158] failed: Connect timed out
	at com.ecwid.consul.transport.AbstractHttpTransport.executeRequest(AbstractHttpTransport.java:83) ~[consul-api-1.4.5.jar:na]
	at com.ecwid.consul.transport.AbstractHttpTransport.makePutRequest(AbstractHttpTransport.java:49) ~[consul-api-1.4.5.jar:na]
	at com.ecwid.consul.v1.ConsulRawClient.makePutRequest(ConsulRawClient.java:163) ~[consul-api-1.4.5.jar:na]
	at com.ecwid.consul.v1.agent.AgentConsulClient.agentServiceRegister(AgentConsulClient.java:273) ~[consul-api-1.4.5.jar:na]
	at com.ecwid.consul.v1.ConsulClient.agentServiceRegister(ConsulClient.java:310) ~[consul-api-1.4.5.jar:na]
	at org.springframework.cloud.consul.serviceregistry.ConsulServiceRegistry.register(ConsulServiceRegistry.java:67) ~[spring-cloud-consul-discovery-4.0.1.jar:4.0.1]
	at org.springframework.cloud.consul.serviceregistry.ConsulServiceRegistry.register(ConsulServiceRegistry.java:43) ~[spring-cloud-consul-discovery-4.0.1.jar:4.0.1]
	at org.springframework.cloud.client.serviceregistry.AbstractAutoServiceRegistration.register(AbstractAutoServiceRegistration.java:264) ~[spring-cloud-commons-4.0.1.jar:4.0.1]
	at org.springframework.cloud.consul.serviceregistry.ConsulAutoServiceRegistration.register(ConsulAutoServiceRegistration.java:80) ~[spring-cloud-consul-discovery-4.0.1.jar:4.0.1]
	at org.springframework.cloud.client.serviceregistry.AbstractAutoServiceRegistration.start(AbstractAutoServiceRegistration.java:156) ~[spring-cloud-commons-4.0.1.jar:4.0.1]
	at org.springframework.cloud.consul.serviceregistry.ConsulAutoServiceRegistration.start(ConsulAutoServiceRegistration.java:70) ~[spring-cloud-consul-discovery-4.0.1.jar:4.0.1]
	at org.springframework.cloud.consul.serviceregistry.ConsulAutoServiceRegistrationListener.onApplicationEvent(ConsulAutoServiceRegistrationListener.java:60) ~[spring-cloud-consul-discovery-4.0.1.jar:4.0.1]
	at org.springframework.context.event.SimpleApplicationEventMulticaster.doInvokeListener(SimpleApplicationEventMulticaster.java:176) ~[spring-context-6.0.6.jar:6.0.6]
	at org.springframework.context.event.SimpleApplicationEventMulticaster.invokeListener(SimpleApplicationEventMulticaster.java:169) ~[spring-context-6.0.6.jar:6.0.6]
	at org.springframework.context.event.SimpleApplicationEventMulticaster.multicastEvent(SimpleApplicationEventMulticaster.java:143) ~[spring-context-6.0.6.jar:6.0.6]
	at org.springframework.context.support.AbstractApplicationContext.publishEvent(AbstractApplicationContext.java:413) ~[spring-context-6.0.6.jar:6.0.6]
	at org.springframework.context.support.AbstractApplicationContext.publishEvent(AbstractApplicationContext.java:370) ~[spring-context-6.0.6.jar:6.0.6]
	at org.springframework.boot.web.servlet.context.WebServerStartStopLifecycle.start(WebServerStartStopLifecycle.java:47) ~[spring-boot-3.0.4.jar:3.0.4]
	at org.springframework.context.support.DefaultLifecycleProcessor.doStart(DefaultLifecycleProcessor.java:178) ~[spring-context-6.0.6.jar:6.0.6]
	at org.springframework.context.support.DefaultLifecycleProcessor$LifecycleGroup.start(DefaultLifecycleProcessor.java:356) ~[spring-context-6.0.6.jar:6.0.6]
	at java.base/java.lang.Iterable.forEach(Iterable.java:75) ~[na:na]
	at org.springframework.context.support.DefaultLifecycleProcessor.startBeans(DefaultLifecycleProcessor.java:155) ~[spring-context-6.0.6.jar:6.0.6]
	at org.springframework.context.support.DefaultLifecycleProcessor.onRefresh(DefaultLifecycleProcessor.java:123) ~[spring-context-6.0.6.jar:6.0.6]
	at org.springframework.context.support.AbstractApplicationContext.finishRefresh(AbstractApplicationContext.java:934) ~[spring-context-6.0.6.jar:6.0.6]
	at org.springframework.context.support.AbstractApplicationContext.refresh(AbstractApplicationContext.java:587) ~[spring-context-6.0.6.jar:6.0.6]
	at org.springframework.boot.web.servlet.context.ServletWebServerApplicationContext.refresh(ServletWebServerApplicationContext.java:146) ~[spring-boot-3.0.4.jar:3.0.4]
	at org.springframework.boot.SpringApplication.refresh(SpringApplication.java:732) ~[spring-boot-3.0.4.jar:3.0.4]
	at org.springframework.boot.SpringApplication.refreshContext(SpringApplication.java:434) ~[spring-boot-3.0.4.jar:3.0.4]
	at org.springframework.boot.SpringApplication.run(SpringApplication.java:310) ~[spring-boot-3.0.4.jar:3.0.4]
	at org.springframework.boot.SpringApplication.run(SpringApplication.java:1304) ~[spring-boot-3.0.4.jar:3.0.4]
	at org.springframework.boot.SpringApplication.run(SpringApplication.java:1293) ~[spring-boot-3.0.4.jar:3.0.4]
	at com.revature.pms.G1PhysicianAvailability.main(G1PhysicianAvailability.java:14) ~[classes/:na]
	at java.base/jdk.internal.reflect.NativeMethodAccessorImpl.invoke0(Native Method) ~[na:na]
	at java.base/jdk.internal.reflect.NativeMethodAccessorImpl.invoke(NativeMethodAccessorImpl.java:77) ~[na:na]
	at java.base/jdk.internal.reflect.DelegatingMethodAccessorImpl.invoke(DelegatingMethodAccessorImpl.java:43) ~[na:na]
	at java.base/java.lang.reflect.Method.invoke(Method.java:568) ~[na:na]
	at org.springframework.boot.devtools.restart.RestartLauncher.run(RestartLauncher.java:49) ~[spring-boot-devtools-3.0.4.jar:3.0.4]
Caused by: org.apache.http.conn.ConnectTimeoutException: Connect to ec2-52-26-157-158.us-west-2.compute.amazonaws.com:8500 [ec2-52-26-157-158.us-west-2.compute.amazonaws.com/52.26.157.158] failed: Connect timed out
	at org.apache.http.impl.conn.DefaultHttpClientConnectionOperator.connect(DefaultHttpClientConnectionOperator.java:151) ~[httpclient-4.5.14.jar:4.5.14]
	at org.apache.http.impl.conn.PoolingHttpClientConnectionManager.connect(PoolingHttpClientConnectionManager.java:376) ~[httpclient-4.5.14.jar:4.5.14]
	at org.apache.http.impl.execchain.MainClientExec.establishRoute(MainClientExec.java:393) ~[httpclient-4.5.14.jar:4.5.14]
	at org.apache.http.impl.execchain.MainClientExec.execute(MainClientExec.java:236) ~[httpclient-4.5.14.jar:4.5.14]
	at org.apache.http.impl.execchain.ProtocolExec.execute(ProtocolExec.java:186) ~[httpclient-4.5.14.jar:4.5.14]
	at org.apache.http.impl.execchain.RetryExec.execute(RetryExec.java:89) ~[httpclient-4.5.14.jar:4.5.14]
	at org.apache.http.impl.execchain.RedirectExec.execute(RedirectExec.java:110) ~[httpclient-4.5.14.jar:4.5.14]
	at org.apache.http.impl.client.InternalHttpClient.doExecute(InternalHttpClient.java:185) ~[httpclient-4.5.14.jar:4.5.14]
	at org.apache.http.impl.client.CloseableHttpClient.execute(CloseableHttpClient.java:72) ~[httpclient-4.5.14.jar:4.5.14]
	at org.apache.http.impl.client.CloseableHttpClient.execute(CloseableHttpClient.java:221) ~[httpclient-4.5.14.jar:4.5.14]
	at org.apache.http.impl.client.CloseableHttpClient.execute(CloseableHttpClient.java:165) ~[httpclient-4.5.14.jar:4.5.14]
	at org.apache.http.impl.client.CloseableHttpClient.execute(CloseableHttpClient.java:140) ~[httpclient-4.5.14.jar:4.5.14]
	at com.ecwid.consul.transport.AbstractHttpTransport.executeRequest(AbstractHttpTransport.java:70) ~[consul-api-1.4.5.jar:na]
	... 36 common frames omitted
Caused by: java.net.SocketTimeoutException: Connect timed out
	at java.base/sun.nio.ch.NioSocketImpl.timedFinishConnect(NioSocketImpl.java:546) ~[na:na]
	at java.base/sun.nio.ch.NioSocketImpl.connect(NioSocketImpl.java:597) ~[na:na]
	at java.base/java.net.SocksSocketImpl.connect(SocksSocketImpl.java:327) ~[na:na]
	at java.base/java.net.Socket.connect(Socket.java:633) ~[na:na]
	at org.apache.http.conn.socket.PlainConnectionSocketFactory.connectSocket(PlainConnectionSocketFactory.java:75) ~[httpclient-4.5.14.jar:4.5.14]
	at org.apache.http.impl.conn.DefaultHttpClientConnectionOperator.connect(DefaultHttpClientConnectionOperator.java:142) ~[httpclient-4.5.14.jar:4.5.14]
	... 48 common frames omitted

2023-04-21T13:43:36.368+05:30 ERROR 11500 --- [catalogWatchTaskScheduler-1] o.s.c.c.discovery.ConsulDiscoveryClient  : Error watching Consul CatalogServices

com.ecwid.consul.transport.TransportException: org.apache.http.conn.ConnectTimeoutException: Connect to ec2-52-26-157-158.us-west-2.compute.amazonaws.com:8500 [ec2-52-26-157-158.us-west-2.compute.amazonaws.com/52.26.157.158] failed: Connect timed out
	at com.ecwid.consul.transport.AbstractHttpTransport.executeRequest(AbstractHttpTransport.java:83) ~[consul-api-1.4.5.jar:na]
	at com.ecwid.consul.transport.AbstractHttpTransport.makeGetRequest(AbstractHttpTransport.java:36) ~[consul-api-1.4.5.jar:na]
	at com.ecwid.consul.v1.ConsulRawClient.makeGetRequest(ConsulRawClient.java:139) ~[consul-api-1.4.5.jar:na]
	at com.ecwid.consul.v1.catalog.CatalogConsulClient.getCatalogServices(CatalogConsulClient.java:143) ~[consul-api-1.4.5.jar:na]
	at com.ecwid.consul.v1.ConsulClient.getCatalogServices(ConsulClient.java:400) ~[consul-api-1.4.5.jar:na]
	at org.springframework.cloud.consul.discovery.ConsulCatalogWatch.catalogServicesWatch(ConsulCatalogWatch.java:130) ~[spring-cloud-consul-discovery-4.0.1.jar:4.0.1]
	at org.springframework.scheduling.support.DelegatingErrorHandlingRunnable.run(DelegatingErrorHandlingRunnable.java:54) ~[spring-context-6.0.6.jar:6.0.6]
	at java.base/java.util.concurrent.Executors$RunnableAdapter.call(Executors.java:539) ~[na:na]
	at java.base/java.util.concurrent.FutureTask.runAndReset(FutureTask.java:305) ~[na:na]
	at java.base/java.util.concurrent.ScheduledThreadPoolExecutor$ScheduledFutureTask.run(ScheduledThreadPoolExecutor.java:305) ~[na:na]
	at java.base/java.util.concurrent.ThreadPoolExecutor.runWorker(ThreadPoolExecutor.java:1136) ~[na:na]
	at java.base/java.util.concurrent.ThreadPoolExecutor$Worker.run(ThreadPoolExecutor.java:635) ~[na:na]
	at java.base/java.lang.Thread.run(Thread.java:833) ~[na:na]
Caused by: org.apache.http.conn.ConnectTimeoutException: Connect to ec2-52-26-157-158.us-west-2.compute.amazonaws.com:8500 [ec2-52-26-157-158.us-west-2.compute.amazonaws.com/52.26.157.158] failed: Connect timed out
	at org.apache.http.impl.conn.DefaultHttpClientConnectionOperator.connect(DefaultHttpClientConnectionOperator.java:151) ~[httpclient-4.5.14.jar:4.5.14]
	at org.apache.http.impl.conn.PoolingHttpClientConnectionManager.connect(PoolingHttpClientConnectionManager.java:376) ~[httpclient-4.5.14.jar:4.5.14]
	at org.apache.http.impl.execchain.MainClientExec.establishRoute(MainClientExec.java:393) ~[httpclient-4.5.14.jar:4.5.14]
	at org.apache.http.impl.execchain.MainClientExec.execute(MainClientExec.java:236) ~[httpclient-4.5.14.jar:4.5.14]
	at org.apache.http.impl.execchain.ProtocolExec.execute(ProtocolExec.java:186) ~[httpclient-4.5.14.jar:4.5.14]
	at org.apache.http.impl.execchain.RetryExec.execute(RetryExec.java:89) ~[httpclient-4.5.14.jar:4.5.14]
	at org.apache.http.impl.execchain.RedirectExec.execute(RedirectExec.java:110) ~[httpclient-4.5.14.jar:4.5.14]
	at org.apache.http.impl.client.InternalHttpClient.doExecute(InternalHttpClient.java:185) ~[httpclient-4.5.14.jar:4.5.14]
	at org.apache.http.impl.client.CloseableHttpClient.execute(CloseableHttpClient.java:72) ~[httpclient-4.5.14.jar:4.5.14]
	at org.apache.http.impl.client.CloseableHttpClient.execute(CloseableHttpClient.java:221) ~[httpclient-4.5.14.jar:4.5.14]
	at org.apache.http.impl.client.CloseableHttpClient.execute(CloseableHttpClient.java:165) ~[httpclient-4.5.14.jar:4.5.14]
	at org.apache.http.impl.client.CloseableHttpClient.execute(CloseableHttpClient.java:140) ~[httpclient-4.5.14.jar:4.5.14]
	at com.ecwid.consul.transport.AbstractHttpTransport.executeRequest(AbstractHttpTransport.java:70) ~[consul-api-1.4.5.jar:na]
	... 12 common frames omitted
Caused by: java.net.SocketTimeoutException: Connect timed out
	at java.base/sun.nio.ch.NioSocketImpl.timedFinishConnect(NioSocketImpl.java:546) ~[na:na]
	at java.base/sun.nio.ch.NioSocketImpl.connect(NioSocketImpl.java:597) ~[na:na]
	at java.base/java.net.SocksSocketImpl.connect(SocksSocketImpl.java:327) ~[na:na]
	at java.base/java.net.Socket.connect(Socket.java:633) ~[na:na]
	at org.apache.http.conn.socket.PlainConnectionSocketFactory.connectSocket(PlainConnectionSocketFactory.java:75) ~[httpclient-4.5.14.jar:4.5.14]
	at org.apache.http.impl.conn.DefaultHttpClientConnectionOperator.connect(DefaultHttpClientConnectionOperator.java:142) ~[httpclient-4.5.14.jar:4.5.14]
	... 24 common frames omitted

2023-04-21T13:43:36.375+05:30  WARN 11500 --- [restartedMain] ConfigServletWebServerApplicationContext : Exception encountered during context initialization - cancelling refresh attempt: org.springframework.context.ApplicationContextException: Failed to start bean 'webServerStartStop'
2023-04-21T13:43:36.381+05:30  INFO 11500 --- [restartedMain] j.LocalContainerEntityManagerFactoryBean : Closing JPA EntityManagerFactory for persistence unit 'default'
2023-04-21T13:43:36.384+05:30  INFO 11500 --- [restartedMain] com.zaxxer.hikari.HikariDataSource       : HikariPool-1 - Shutdown initiated...
2023-04-21T13:43:38.626+05:30  INFO 11500 --- [restartedMain] com.zaxxer.hikari.HikariDataSource       : HikariPool-1 - Shutdown completed.
2023-04-21T13:43:38.636+05:30  INFO 11500 --- [restartedMain] o.apache.catalina.core.StandardService   : Stopping service [Tomcat]
2023-04-21T13:43:38.653+05:30  INFO 11500 --- [restartedMain] .s.b.a.l.ConditionEvaluationReportLogger : 

Error starting ApplicationContext. To display the condition evaluation report re-run your application with 'debug' enabled.
2023-04-21T13:43:38.673+05:30 ERROR 11500 --- [restartedMain] o.s.boot.SpringApplication               : Application run failed

org.springframework.context.ApplicationContextException: Failed to start bean 'webServerStartStop'
	at org.springframework.context.support.DefaultLifecycleProcessor.doStart(DefaultLifecycleProcessor.java:181) ~[spring-context-6.0.6.jar:6.0.6]
	at org.springframework.context.support.DefaultLifecycleProcessor$LifecycleGroup.start(DefaultLifecycleProcessor.java:356) ~[spring-context-6.0.6.jar:6.0.6]
	at java.base/java.lang.Iterable.forEach(Iterable.java:75) ~[na:na]
	at org.springframework.context.support.DefaultLifecycleProcessor.startBeans(DefaultLifecycleProcessor.java:155) ~[spring-context-6.0.6.jar:6.0.6]
	at org.springframework.context.support.DefaultLifecycleProcessor.onRefresh(DefaultLifecycleProcessor.java:123) ~[spring-context-6.0.6.jar:6.0.6]
	at org.springframework.context.support.AbstractApplicationContext.finishRefresh(AbstractApplicationContext.java:934) ~[spring-context-6.0.6.jar:6.0.6]
	at org.springframework.context.support.AbstractApplicationContext.refresh(AbstractApplicationContext.java:587) ~[spring-context-6.0.6.jar:6.0.6]
	at org.springframework.boot.web.servlet.context.ServletWebServerApplicationContext.refresh(ServletWebServerApplicationContext.java:146) ~[spring-boot-3.0.4.jar:3.0.4]
	at org.springframework.boot.SpringApplication.refresh(SpringApplication.java:732) ~[spring-boot-3.0.4.jar:3.0.4]
	at org.springframework.boot.SpringApplication.refreshContext(SpringApplication.java:434) ~[spring-boot-3.0.4.jar:3.0.4]
	at org.springframework.boot.SpringApplication.run(SpringApplication.java:310) ~[spring-boot-3.0.4.jar:3.0.4]
	at org.springframework.boot.SpringApplication.run(SpringApplication.java:1304) ~[spring-boot-3.0.4.jar:3.0.4]
	at org.springframework.boot.SpringApplication.run(SpringApplication.java:1293) ~[spring-boot-3.0.4.jar:3.0.4]
	at com.revature.pms.G1PhysicianAvailability.main(G1PhysicianAvailability.java:14) ~[classes/:na]
	at java.base/jdk.internal.reflect.NativeMethodAccessorImpl.invoke0(Native Method) ~[na:na]
	at java.base/jdk.internal.reflect.NativeMethodAccessorImpl.invoke(NativeMethodAccessorImpl.java:77) ~[na:na]
	at java.base/jdk.internal.reflect.DelegatingMethodAccessorImpl.invoke(DelegatingMethodAccessorImpl.java:43) ~[na:na]
	at java.base/java.lang.reflect.Method.invoke(Method.java:568) ~[na:na]
	at org.springframework.boot.devtools.restart.RestartLauncher.run(RestartLauncher.java:49) ~[spring-boot-devtools-3.0.4.jar:3.0.4]
Caused by: com.ecwid.consul.transport.TransportException: org.apache.http.conn.ConnectTimeoutException: Connect to ec2-52-26-157-158.us-west-2.compute.amazonaws.com:8500 [ec2-52-26-157-158.us-west-2.compute.amazonaws.com/52.26.157.158] failed: Connect timed out
	at com.ecwid.consul.transport.AbstractHttpTransport.executeRequest(AbstractHttpTransport.java:83) ~[consul-api-1.4.5.jar:na]
	at com.ecwid.consul.transport.AbstractHttpTransport.makePutRequest(AbstractHttpTransport.java:49) ~[consul-api-1.4.5.jar:na]
	at com.ecwid.consul.v1.ConsulRawClient.makePutRequest(ConsulRawClient.java:163) ~[consul-api-1.4.5.jar:na]
	at com.ecwid.consul.v1.agent.AgentConsulClient.agentServiceRegister(AgentConsulClient.java:273) ~[consul-api-1.4.5.jar:na]
	at com.ecwid.consul.v1.ConsulClient.agentServiceRegister(ConsulClient.java:310) ~[consul-api-1.4.5.jar:na]
	at org.springframework.cloud.consul.serviceregistry.ConsulServiceRegistry.register(ConsulServiceRegistry.java:67) ~[spring-cloud-consul-discovery-4.0.1.jar:4.0.1]
	at org.springframework.cloud.consul.serviceregistry.ConsulServiceRegistry.register(ConsulServiceRegistry.java:43) ~[spring-cloud-consul-discovery-4.0.1.jar:4.0.1]
	at org.springframework.cloud.client.serviceregistry.AbstractAutoServiceRegistration.register(AbstractAutoServiceRegistration.java:264) ~[spring-cloud-commons-4.0.1.jar:4.0.1]
	at org.springframework.cloud.consul.serviceregistry.ConsulAutoServiceRegistration.register(ConsulAutoServiceRegistration.java:80) ~[spring-cloud-consul-discovery-4.0.1.jar:4.0.1]
	at org.springframework.cloud.client.serviceregistry.AbstractAutoServiceRegistration.start(AbstractAutoServiceRegistration.java:156) ~[spring-cloud-commons-4.0.1.jar:4.0.1]
	at org.springframework.cloud.consul.serviceregistry.ConsulAutoServiceRegistration.start(ConsulAutoServiceRegistration.java:70) ~[spring-cloud-consul-discovery-4.0.1.jar:4.0.1]
	at org.springframework.cloud.consul.serviceregistry.ConsulAutoServiceRegistrationListener.onApplicationEvent(ConsulAutoServiceRegistrationListener.java:60) ~[spring-cloud-consul-discovery-4.0.1.jar:4.0.1]
	at org.springframework.context.event.SimpleApplicationEventMulticaster.doInvokeListener(SimpleApplicationEventMulticaster.java:176) ~[spring-context-6.0.6.jar:6.0.6]
	at org.springframework.context.event.SimpleApplicationEventMulticaster.invokeListener(SimpleApplicationEventMulticaster.java:169) ~[spring-context-6.0.6.jar:6.0.6]
	at org.springframework.context.event.SimpleApplicationEventMulticaster.multicastEvent(SimpleApplicationEventMulticaster.java:143) ~[spring-context-6.0.6.jar:6.0.6]
	at org.springframework.context.support.AbstractApplicationContext.publishEvent(AbstractApplicationContext.java:413) ~[spring-context-6.0.6.jar:6.0.6]
	at org.springframework.context.support.AbstractApplicationContext.publishEvent(AbstractApplicationContext.java:370) ~[spring-context-6.0.6.jar:6.0.6]
	at org.springframework.boot.web.servlet.context.WebServerStartStopLifecycle.start(WebServerStartStopLifecycle.java:47) ~[spring-boot-3.0.4.jar:3.0.4]
	at org.springframework.context.support.DefaultLifecycleProcessor.doStart(DefaultLifecycleProcessor.java:178) ~[spring-context-6.0.6.jar:6.0.6]
	... 18 common frames omitted
Caused by: org.apache.http.conn.ConnectTimeoutException: Connect to ec2-52-26-157-158.us-west-2.compute.amazonaws.com:8500 [ec2-52-26-157-158.us-west-2.compute.amazonaws.com/52.26.157.158] failed: Connect timed out
	at org.apache.http.impl.conn.DefaultHttpClientConnectionOperator.connect(DefaultHttpClientConnectionOperator.java:151) ~[httpclient-4.5.14.jar:4.5.14]
	at org.apache.http.impl.conn.PoolingHttpClientConnectionManager.connect(PoolingHttpClientConnectionManager.java:376) ~[httpclient-4.5.14.jar:4.5.14]
	at org.apache.http.impl.execchain.MainClientExec.establishRoute(MainClientExec.java:393) ~[httpclient-4.5.14.jar:4.5.14]
	at org.apache.http.impl.execchain.MainClientExec.execute(MainClientExec.java:236) ~[httpclient-4.5.14.jar:4.5.14]
	at org.apache.http.impl.execchain.ProtocolExec.execute(ProtocolExec.java:186) ~[httpclient-4.5.14.jar:4.5.14]
	at org.apache.http.impl.execchain.RetryExec.execute(RetryExec.java:89) ~[httpclient-4.5.14.jar:4.5.14]
	at org.apache.http.impl.execchain.RedirectExec.execute(RedirectExec.java:110) ~[httpclient-4.5.14.jar:4.5.14]
	at org.apache.http.impl.client.InternalHttpClient.doExecute(InternalHttpClient.java:185) ~[httpclient-4.5.14.jar:4.5.14]
	at org.apache.http.impl.client.CloseableHttpClient.execute(CloseableHttpClient.java:72) ~[httpclient-4.5.14.jar:4.5.14]
	at org.apache.http.impl.client.CloseableHttpClient.execute(CloseableHttpClient.java:221) ~[httpclient-4.5.14.jar:4.5.14]
	at org.apache.http.impl.client.CloseableHttpClient.execute(CloseableHttpClient.java:165) ~[httpclient-4.5.14.jar:4.5.14]
	at org.apache.http.impl.client.CloseableHttpClient.execute(CloseableHttpClient.java:140) ~[httpclient-4.5.14.jar:4.5.14]
	at com.ecwid.consul.transport.AbstractHttpTransport.executeRequest(AbstractHttpTransport.java:70) ~[consul-api-1.4.5.jar:na]
	... 36 common frames omitted
Caused by: java.net.SocketTimeoutException: Connect timed out
	at java.base/sun.nio.ch.NioSocketImpl.timedFinishConnect(NioSocketImpl.java:546) ~[na:na]
	at java.base/sun.nio.ch.NioSocketImpl.connect(NioSocketImpl.java:597) ~[na:na]
	at java.base/java.net.SocksSocketImpl.connect(SocksSocketImpl.java:327) ~[na:na]
	at java.base/java.net.Socket.connect(Socket.java:633) ~[na:na]
	at org.apache.http.conn.socket.PlainConnectionSocketFactory.connectSocket(PlainConnectionSocketFactory.java:75) ~[httpclient-4.5.14.jar:4.5.14]
	at org.apache.http.impl.conn.DefaultHttpClientConnectionOperator.connect(DefaultHttpClientConnectionOperator.java:142) ~[httpclient-4.5.14.jar:4.5.14]
	... 48 common frames omitted

2023-04-21T13:46:04.627+05:30  INFO 27884 --- [restartedMain] c.revature.pms.G1PhysicianAvailability   : Starting G1PhysicianAvailability using Java 17.0.6 with PID 27884 (C:\zServices\with-testing-all-microservices\G1-PhysicianAvailability\target\classes started by asus in C:\zServices\with-testing-all-microservices\G1-PhysicianAvailability)
2023-04-21T13:46:04.629+05:30  INFO 27884 --- [restartedMain] c.revature.pms.G1PhysicianAvailability   : The following 1 profile is active: "production"
2023-04-21T13:46:04.664+05:30  INFO 27884 --- [restartedMain] o.s.c.c.c.ConfigServerConfigDataLoader   : Fetching config from server at : http://localhost:9000
2023-04-21T13:46:04.664+05:30  INFO 27884 --- [restartedMain] o.s.c.c.c.ConfigServerConfigDataLoader   : Connect Timeout Exception on Url - http://localhost:9000. Will try the next url if available
2023-04-21T13:46:04.664+05:30  WARN 27884 --- [restartedMain] o.s.c.c.c.ConfigServerConfigDataLoader   : Could not locate PropertySource ([ConfigServerConfigDataResource@5c87aab5 uris = array<String>['http://localhost:9000'], optional = true, profiles = list['production']]): I/O error on GET request for "http://localhost:9000/g1-physician-availability-service/production": Connection refused: no further information
2023-04-21T13:46:04.665+05:30  INFO 27884 --- [restartedMain] .e.DevToolsPropertyDefaultsPostProcessor : For additional web related logging consider setting the 'logging.level.web' property to 'DEBUG'
2023-04-21T13:46:05.488+05:30  INFO 27884 --- [restartedMain] .s.d.r.c.RepositoryConfigurationDelegate : Bootstrapping Spring Data JPA repositories in DEFAULT mode.
2023-04-21T13:46:05.612+05:30  INFO 27884 --- [restartedMain] .s.d.r.c.RepositoryConfigurationDelegate : Finished Spring Data repository scanning in 116 ms. Found 1 JPA repository interfaces.
2023-04-21T13:46:05.826+05:30  INFO 27884 --- [restartedMain] o.s.cloud.context.scope.GenericScope     : BeanFactory id=f8844510-711a-37e5-8731-1206f6ef8527
2023-04-21T13:46:06.286+05:30  INFO 27884 --- [restartedMain] o.s.b.w.embedded.tomcat.TomcatWebServer  : Tomcat initialized with port(s): 9005 (http)
2023-04-21T13:46:06.294+05:30  INFO 27884 --- [restartedMain] o.apache.catalina.core.StandardService   : Starting service [Tomcat]
2023-04-21T13:46:06.295+05:30  INFO 27884 --- [restartedMain] o.apache.catalina.core.StandardEngine    : Starting Servlet engine: [Apache Tomcat/10.1.5]
2023-04-21T13:46:06.369+05:30  INFO 27884 --- [restartedMain] o.a.c.c.C.[Tomcat].[localhost].[/]       : Initializing Spring embedded WebApplicationContext
2023-04-21T13:46:06.369+05:30  INFO 27884 --- [restartedMain] w.s.c.ServletWebServerApplicationContext : Root WebApplicationContext: initialization completed in 1703 ms
2023-04-21T13:46:06.871+05:30  INFO 27884 --- [restartedMain] com.zaxxer.hikari.HikariDataSource       : HikariPool-1 - Starting...
2023-04-21T13:46:10.884+05:30  INFO 27884 --- [restartedMain] com.zaxxer.hikari.pool.HikariPool        : HikariPool-1 - Added connection com.mysql.cj.jdbc.ConnectionImpl@639680df
2023-04-21T13:46:10.887+05:30  INFO 27884 --- [restartedMain] com.zaxxer.hikari.HikariDataSource       : HikariPool-1 - Start completed.
2023-04-21T13:46:11.431+05:30  INFO 27884 --- [restartedMain] SQL dialect                              : HHH000400: Using dialect: org.hibernate.dialect.MySQLDialect
2023-04-21T13:46:12.864+05:30  INFO 27884 --- [restartedMain] j.LocalContainerEntityManagerFactoryBean : Initialized JPA EntityManagerFactory for persistence unit 'default'
2023-04-21T13:46:13.483+05:30  WARN 27884 --- [restartedMain] JpaBaseConfiguration$JpaWebConfiguration : spring.jpa.open-in-view is enabled by default. Therefore, database queries may be performed during view rendering. Explicitly configure spring.jpa.open-in-view to disable this warning
2023-04-21T13:46:14.579+05:30  INFO 27884 --- [restartedMain] o.s.b.d.a.OptionalLiveReloadServer       : LiveReload server is running on port 35729
2023-04-21T13:46:14.713+05:30  WARN 27884 --- [restartedMain] iguration$LoadBalancerCaffeineWarnLogger : Spring Cloud LoadBalancer is currently working with the default cache. While this cache implementation is useful for development and tests, it's recommended to use Caffeine cache in production.You can switch to using Caffeine cache, by adding it and org.springframework.cache.caffeine.CaffeineCacheManager to the classpath.
2023-04-21T13:46:14.720+05:30  INFO 27884 --- [restartedMain] o.s.b.a.e.web.EndpointLinksResolver      : Exposing 19 endpoint(s) beneath base path '/actuator'
2023-04-21T13:46:14.807+05:30  INFO 27884 --- [restartedMain] o.s.b.w.embedded.tomcat.TomcatWebServer  : Tomcat started on port(s): 9005 (http) with context path ''
2023-04-21T13:46:14.810+05:30  INFO 27884 --- [restartedMain] o.s.c.c.s.ConsulServiceRegistry          : Registering service with consul: NewService{id='g1-physician-availability-service-9005', name='g1-physician-availability-service', tags=[], address='http://ec2-52-26-157-158.us-west-2.compute.amazonaws.com', meta={secure=false}, port=9005, enableTagOverride=null, check=Check{script='null', dockerContainerID='null', shell='null', interval='12s', ttl='null', http='http://ec2-52-26-157-158.us-west-2.compute.amazonaws.com9005/actuator/health', method='null', header={}, tcp='null', timeout='null', deregisterCriticalServiceAfter='null', tlsSkipVerify=null, status='null', grpc='null', grpcUseTLS=null}, checks=null}
2023-04-21T13:46:16.366+05:30  INFO 27884 --- [restartedMain] c.revature.pms.G1PhysicianAvailability   : Started G1PhysicianAvailability in 12.489 seconds (process running for 13.012)
